<?xml version="1.0" encoding="UTF-8"?>
<testsuite xmlns:xsi="http://www.w3.org/2001/XMLSchema-instance" xsi:noNamespaceSchemaLocation="https://maven.apache.org/surefire/maven-surefire-plugin/xsd/surefire-test-report-3.0.xsd" version="3.0" name="ubb.graduation24.immopal.security_service.service.JwtServiceTest" time="3.872" tests="7" errors="0" skipped="0" failures="0">
  <properties>
[...]
</properties>
  <testcase name="generateToken_ShouldReturnValidToken" classname="ubb.graduation24.immopal.security_service.service.JwtServiceTest" time="0.831"/>
  <testcase name="generateToken_ShouldReturnValidTokenFormat" classname="ubb.graduation24.immopal.security_service.service.JwtServiceTest" time="0.004"/>
  <testcase name="isTokenExpired_ShouldReturnFalseForValidToken" classname="ubb.graduation24.immopal.security_service.service.JwtServiceTest" time="0.007"/>
  <testcase name="isTokenExpired_ShouldReturnFalseAfterExpiration" classname="ubb.graduation24.immopal.security_service.service.JwtServiceTest" time="3.012">
    <system-out><![CDATA[Expected exception caught: JWT expired at 2024-08-26T12:02:44Z. Current time: 2024-08-26T12:02:45Z, a difference of 1214 milliseconds.  Allowed clock skew: 0 milliseconds.
]]></system-out>
  </testcase>
  <testcase name="extractExpiration_ShouldReturnExpirationDate" classname="ubb.graduation24.immopal.security_service.service.JwtServiceTest" time="0.006"/>
  <testcase name="extractUsername_ShouldReturnUsername" classname="ubb.graduation24.immopal.security_service.service.JwtServiceTest" time="0.004"/>
  <testcase name="generateToken_ShouldReturnToken" classname="ubb.graduation24.immopal.security_service.service.JwtServiceTest" time="0.006"/>
</testsuite>